[debug] [2024-05-16T18:56:07.942Z] ----------------------------------------------------------------------
[debug] [2024-05-16T18:56:07.944Z] Command:       C:\Program Files\nodejs\node.exe C:\Users\selma\AppData\Roaming\npm\node_modules\firebase-tools\lib\bin\firebase.js init
[debug] [2024-05-16T18:56:07.944Z] CLI Version:   13.7.2
[debug] [2024-05-16T18:56:07.945Z] Platform:      win32
[debug] [2024-05-16T18:56:07.945Z] Node Version:  v20.11.0
[debug] [2024-05-16T18:56:07.945Z] Time:          Thu May 16 2024 21:56:07 GMT+0300 (GMT+03:00)
[debug] [2024-05-16T18:56:07.945Z] ----------------------------------------------------------------------
[debug] 
[debug] [2024-05-16T18:56:07.947Z] >>> [apiv2][query] GET https://firebase-public.firebaseio.com/cli.json [none]
[debug] [2024-05-16T18:56:08.058Z] > command requires scopes: ["email","openid","https://www.googleapis.com/auth/cloudplatformprojects.readonly","https://www.googleapis.com/auth/firebase","https://www.googleapis.com/auth/cloud-platform"]
[debug] [2024-05-16T18:56:08.058Z] > authorizing via signed-in user (selmanates007@gmail.com)
[info] 
     ######## #### ########  ######## ########     ###     ######  ########
     ##        ##  ##     ## ##       ##     ##  ##   ##  ##       ##
     ######    ##  ########  ######   ########  #########  ######  ######
     ##        ##  ##    ##  ##       ##     ## ##     ##       ## ##
     ##       #### ##     ## ######## ########  ##     ##  ######  ########

You're about to initialize a Firebase project in this directory:

  C:\Users\selma\Desktop\guctekmakina

Before we get started, keep in mind:

  * You are initializing within an existing Firebase project directory

[debug] [2024-05-16T18:56:08.461Z] <<< [apiv2][status] GET https://firebase-public.firebaseio.com/cli.json 200
[debug] [2024-05-16T18:56:08.461Z] <<< [apiv2][body] GET https://firebase-public.firebaseio.com/cli.json {"cloudBuildErrorAfter":1594252800000,"cloudBuildWarnAfter":1590019200000,"defaultNode10After":1594252800000,"minVersion":"3.0.5","node8DeploysDisabledAfter":1613390400000,"node8RuntimeDisabledAfter":1615809600000,"node8WarnAfter":1600128000000}
